[logsAndroid_Galaxy S9 INFO ] 2021-05-25 07:36:38.907 BaseTest:165 - in before method
[logsAndroid_Galaxy S9 INFO ] 2021-05-25 07:36:39.045 ProductTest:84 - Current test being executed test1
[logsAndroid_Galaxy S9 INFO ] 2021-05-25 07:36:39.767 BaseTest:385 - Entering username standard_user
[logsAndroid_Galaxy S9 INFO ] 2021-05-25 07:40:17.593 BaseTest:165 - in before method
[logsAndroid_Galaxy S9 INFO ] 2021-05-25 07:40:18.085 ProductTest:84 - Current test being executed test1
[logsAndroid_Galaxy S9 INFO ] 2021-05-25 07:40:18.928 BaseTest:385 - Entering username standard_user
[logsAndroid_Galaxy S9 INFO ] 2021-05-25 07:55:15.416 BaseTest:165 - in before method
[logsAndroid_Galaxy S9 INFO ] 2021-05-25 07:55:15.603 ProductTest:84 - Current test being executed test1
[logsAndroid_Galaxy S9 INFO ] 2021-05-25 07:55:16.239 BaseTest:385 - Entering username standard_user
[logsAndroid_Galaxy S9 INFO ] 2021-05-25 08:13:44.602 BaseTest:165 - in before method
[logsAndroid_Galaxy S9 INFO ] 2021-05-25 08:13:44.737 ProductTest:84 - Current test being executed test1
[logsAndroid_Galaxy S9 INFO ] 2021-05-25 08:13:45.945 BaseTest:385 - Entering username standard_user
[logsAndroid_Galaxy S9 INFO ] 2021-05-25 08:13:46.635 LoginPage:41 - 
 Entering password secret_sauce
[logsAndroid_Galaxy S9 INFO ] 2021-05-25 08:13:47.200 BaseTest:385 - Entering Password secret_sauce
[logsAndroid_Galaxy S9 INFO ] 2021-05-25 08:13:48.318 LoginPage:61 - 
 Clicking on login button
[logsAndroid_Galaxy S9 INFO ] 2021-05-25 08:13:49.427 BaseTest:378 - Clicking login button
[logsAndroid_Galaxy S9 INFO ] 2021-05-25 08:13:59.928 BaseTest:378 - Clicking settings button
[logsAndroid_Galaxy S9 INFO ] 2021-05-25 08:14:01.776 BaseTest:378 - Clicking logout button
[logsAndroid_Galaxy S9 INFO ] 2021-05-25 08:14:06.992 BaseTest:172 - in after method
[logsAndroid_Galaxy S9 INFO ] 2021-05-25 08:15:48.785 BaseTest:165 - in before method
[logsAndroid_Galaxy S9 INFO ] 2021-05-25 08:15:49.037 ProductTest:84 - Current test being executed test1
[logsAndroid_Galaxy S9 INFO ] 2021-05-25 08:15:49.611 BaseTest:385 - Entering username standard_user
[logsAndroid_Galaxy S9 INFO ] 2021-05-25 08:15:51.863 LoginPage:41 - 
 Entering password secret_sauce
[logsAndroid_Galaxy S9 INFO ] 2021-05-25 08:15:52.412 BaseTest:385 - Entering Password secret_sauce
[logsAndroid_Galaxy S9 INFO ] 2021-05-25 08:15:53.524 LoginPage:61 - 
 Clicking on login button
[logsAndroid_Galaxy S9 INFO ] 2021-05-25 08:15:54.081 BaseTest:378 - Clicking login button
[logsAndroid_Galaxy S9 INFO ] 2021-05-25 08:16:03.996 BaseTest:378 - Clicking settings button
[logsAndroid_Galaxy S9 INFO ] 2021-05-25 08:16:06.213 BaseTest:378 - Clicking logout button
[logsAndroid_Galaxy S9 INFO ] 2021-05-25 08:16:11.148 BaseTest:172 - in after method
[logsAndroid_Galaxy S9 INFO ] 2021-05-25 08:20:42.037 BaseTest:165 - in before method
[logsAndroid_Galaxy S9 INFO ] 2021-05-25 08:20:42.168 ProductTest:84 - Current test being executed test1
[logsAndroid_Galaxy S9 INFO ] 2021-05-25 08:20:42.774 BaseTest:385 - Entering username standard_user
[logsAndroid_Galaxy S9 INFO ] 2021-05-25 08:31:01.852 BaseTest:165 - in before method
[logsAndroid_Galaxy S9 INFO ] 2021-05-25 08:31:01.992 ProductTest:84 - Current test being executed test1
[logsAndroid_Galaxy S9 INFO ] 2021-05-25 08:31:02.651 BaseTest:385 - Entering username standard_user
[logsAndroid_Galaxy S9 INFO ] 2021-05-25 08:31:04.109 LoginPage:41 - 
 Entering password secret_sauce
[logsAndroid_Galaxy S9 INFO ] 2021-05-25 08:31:04.647 BaseTest:385 - Entering Password secret_sauce
[logsAndroid_Galaxy S9 INFO ] 2021-05-25 08:31:05.267 LoginPage:61 - 
 Clicking on login button
[logsAndroid_Galaxy S9 INFO ] 2021-05-25 08:31:05.798 BaseTest:378 - Clicking login button
[logsAndroid_Galaxy S9 INFO ] 2021-05-25 17:21:10.817 BaseTest:165 - in before method
[logsAndroid_Galaxy S9 INFO ] 2021-05-25 17:21:10.945 ProductTest:84 - Current test being executed test1
[logsAndroid_Galaxy S9 INFO ] 2021-05-25 17:21:11.508 BaseTest:385 - Entering username standard_user
[logsAndroid_Galaxy S9 INFO ] 2021-05-25 17:28:58.976 BaseTest:165 - in before method
[logsAndroid_Galaxy S9 INFO ] 2021-05-25 17:28:59.309 ProductTest:84 - Current test being executed test1
[logsAndroid_Galaxy S9 INFO ] 2021-05-25 17:28:59.983 BaseTest:385 - Entering username standard_user
[logsAndroid_Galaxy S9 INFO ] 2021-05-25 17:29:00.676 LoginPage:41 - 
 Entering password secret_sauce
[logsAndroid_Galaxy S9 INFO ] 2021-05-25 17:29:01.619 BaseTest:385 - Entering Password secret_sauce
[logsAndroid_Galaxy S9 INFO ] 2021-05-25 17:29:03.007 LoginPage:61 - 
 Clicking on login button
[logsAndroid_Galaxy S9 INFO ] 2021-05-25 17:29:03.563 BaseTest:378 - Clicking login button
[logsAndroid_Galaxy S9 INFO ] 2021-05-25 17:29:13.291 BaseTest:378 - Clicking settings button
[logsAndroid_Galaxy S9 INFO ] 2021-05-25 17:29:15.177 BaseTest:378 - Clicking logout button
[logsAndroid_Galaxy S9 INFO ] 2021-05-25 17:29:19.973 BaseTest:172 - in after method
[logsAndroid_Galaxy S9 INFO ] 2021-05-25 17:39:45.578 BaseTest:165 - in before method
[logsAndroid_Galaxy S9 INFO ] 2021-05-25 17:39:45.710 ProductTest:84 - Current test being executed test1
[logsAndroid_Galaxy S9 INFO ] 2021-05-25 17:39:46.476 BaseTest:385 - Entering username standard_user
[logsAndroid_Galaxy S9 INFO ] 2021-05-25 17:39:47.632 LoginPage:41 - 
 Entering password secret_sauce
[logsAndroid_Galaxy S9 INFO ] 2021-05-25 17:39:48.168 BaseTest:385 - Entering Password secret_sauce
[logsAndroid_Galaxy S9 INFO ] 2021-05-25 17:39:49.391 LoginPage:61 - 
 Clicking on login button
[logsAndroid_Galaxy S9 INFO ] 2021-05-25 17:39:49.941 BaseTest:378 - Clicking login button
[logsAndroid_Galaxy S9 INFO ] 2021-05-25 17:39:59.279 BaseTest:378 - Clicking settings button
[logsAndroid_Galaxy S9 INFO ] 2021-05-25 17:40:01.489 BaseTest:378 - Clicking logout button
[logsAndroid_Galaxy S9 INFO ] 2021-05-25 17:40:05.808 BaseTest:172 - in after method
[logsAndroid_Galaxy S9 INFO ] 2021-05-25 17:51:18.955 BaseTest:165 - in before method
[logsAndroid_Galaxy S9 INFO ] 2021-05-25 17:51:20.249 ProductTest:84 - Current test being executed test1
[logsAndroid_Galaxy S9 INFO ] 2021-05-25 17:51:21.751 BaseTest:385 - Entering username standard_user
[logsAndroid_Galaxy S9 INFO ] 2021-05-25 17:51:23.382 LoginPage:41 - 
 Entering password secret_sauce
[logsAndroid_Galaxy S9 INFO ] 2021-05-25 17:51:23.940 BaseTest:385 - Entering Password secret_sauce
[logsAndroid_Galaxy S9 INFO ] 2021-05-25 17:51:25.127 LoginPage:61 - 
 Clicking on login button
[logsAndroid_Galaxy S9 INFO ] 2021-05-25 17:51:25.685 BaseTest:378 - Clicking login button
[logsAndroid_Galaxy S9 INFO ] 2021-05-25 17:51:35.126 BaseTest:378 - Clicking settings button
[logsAndroid_Galaxy S9 INFO ] 2021-05-25 17:51:36.925 BaseTest:378 - Clicking logout button
[logsAndroid_Galaxy S9 INFO ] 2021-05-25 17:51:42.524 BaseTest:172 - in after method
[logsAndroid_Galaxy S9 INFO ] 2021-05-25 18:04:07.623 BaseTest:165 - in before method
[logsAndroid_Galaxy S9 INFO ] 2021-05-25 18:04:09.557 ProductTest:84 - Current test being executed test1
[logsAndroid_Galaxy S9 INFO ] 2021-05-25 18:04:10.911 BaseTest:385 - Entering username standard_user
[logsAndroid_Galaxy S9 INFO ] 2021-05-25 18:04:12.929 LoginPage:41 - 
 Entering password secret_sauce
[logsAndroid_Galaxy S9 INFO ] 2021-05-25 18:04:13.479 BaseTest:385 - Entering Password secret_sauce
[logsAndroid_Galaxy S9 INFO ] 2021-05-25 18:04:14.822 LoginPage:61 - 
 Clicking on login button
[logsAndroid_Galaxy S9 INFO ] 2021-05-25 18:04:15.356 BaseTest:378 - Clicking login button
[logsAndroid_Galaxy S9 INFO ] 2021-05-25 18:04:24.347 BaseTest:378 - Clicking settings button
[logsAndroid_Galaxy S9 INFO ] 2021-05-25 18:04:26.635 BaseTest:378 - Clicking logout button
[logsAndroid_Galaxy S9 INFO ] 2021-05-25 18:04:31.896 BaseTest:172 - in after method
[logsAndroid_Galaxy S9 INFO ] 2021-05-25 18:07:29.456 BaseTest:165 - in before method
[logsAndroid_Galaxy S9 INFO ] 2021-05-25 18:07:29.653 ProductTest:84 - Current test being executed test1
[logsAndroid_Galaxy S9 INFO ] 2021-05-25 18:07:30.857 BaseTest:385 - Entering username standard_user
[logsAndroid_Galaxy S9 INFO ] 2021-05-25 18:07:31.979 LoginPage:41 - 
 Entering password secret_sauce
[logsAndroid_Galaxy S9 INFO ] 2021-05-25 18:07:32.817 BaseTest:385 - Entering Password secret_sauce
[logsAndroid_Galaxy S9 INFO ] 2021-05-25 18:07:33.407 LoginPage:61 - 
 Clicking on login button
[logsAndroid_Galaxy S9 INFO ] 2021-05-25 18:07:34.038 BaseTest:378 - Clicking login button
[logsAndroid_Galaxy S9 INFO ] 2021-05-25 18:07:43.064 BaseTest:378 - Clicking settings button
[logsAndroid_Galaxy S9 INFO ] 2021-05-25 18:13:43.958 BaseTest:165 - in before method
[logsAndroid_Galaxy S9 INFO ] 2021-05-25 18:13:44.301 ProductTest:84 - Current test being executed test1
[logsAndroid_Galaxy S9 INFO ] 2021-05-25 18:13:45.459 BaseTest:385 - Entering username standard_user
[logsAndroid_Galaxy S9 INFO ] 2021-05-25 18:13:46.134 LoginPage:41 - 
 Entering password secret_sauce
[logsAndroid_Galaxy S9 INFO ] 2021-05-25 18:13:46.667 BaseTest:385 - Entering Password secret_sauce
[logsAndroid_Galaxy S9 INFO ] 2021-05-25 18:13:47.267 LoginPage:61 - 
 Clicking on login button
[logsAndroid_Galaxy S9 INFO ] 2021-05-25 18:13:48.123 BaseTest:378 - Clicking login button
[logsAndroid_Galaxy S9 INFO ] 2021-05-25 18:13:57.076 BaseTest:378 - Clicking settings button
[logsAndroid_Galaxy S9 INFO ] 2021-05-25 18:13:59.280 BaseTest:378 - Clicking logout button
[logsAndroid_Galaxy S9 INFO ] 2021-05-25 18:19:28.021 BaseTest:165 - in before method
[logsAndroid_Galaxy S9 INFO ] 2021-05-25 18:19:28.225 ProductTest:84 - Current test being executed test1
[logsAndroid_Galaxy S9 INFO ] 2021-05-25 18:19:29.395 BaseTest:385 - Entering username standard_user
[logsAndroid_Galaxy S9 INFO ] 2021-05-25 18:19:30.127 LoginPage:41 - 
 Entering password secret_sauce
[logsAndroid_Galaxy S9 INFO ] 2021-05-25 18:19:30.666 BaseTest:385 - Entering Password secret_sauce
[logsAndroid_Galaxy S9 INFO ] 2021-05-25 18:19:32.489 LoginPage:61 - 
 Clicking on login button
[logsAndroid_Galaxy S9 INFO ] 2021-05-25 18:19:33.026 BaseTest:378 - Clicking login button
[logsAndroid_Galaxy S9 INFO ] 2021-05-25 18:19:47.363 BaseTest:378 - Clicking settings button
[logsAndroid_Galaxy S9 INFO ] 2021-05-25 18:19:49.045 BaseTest:378 - Clicking logout button
[logsAndroid_Galaxy S9 INFO ] 2021-05-25 18:19:53.956 BaseTest:172 - in after method
