[logsAndroid_Galaxy S9 INFO ] 2021-05-24 12:48:34.640 BaseTest:163 - in before method
[logsAndroid_Galaxy S9 INFO ] 2021-05-24 12:48:36.108 ProductTest:84 - Current test being executed test1
[logsAndroid_Galaxy S9 INFO ] 2021-05-24 12:48:36.109 LoginPage:30 - 
 Entering username standard_user
[logsAndroid_Galaxy S9 INFO ] 2021-05-24 12:48:37.650 LoginPage:41 - 
 Entering password secret_sauce
[logsAndroid_Galaxy S9 INFO ] 2021-05-24 12:48:38.864 LoginPage:61 - 
 Clicking on login button
[logsAndroid_Galaxy S9 INFO ] 2021-05-24 12:48:49.754 commonTopMenu:23 - Clicking on settings button
[logsAndroid_Galaxy S9 INFO ] 2021-05-24 12:48:56.851 BaseTest:170 - in after method
[logsAndroid_Galaxy S9 INFO ] 2021-05-24 13:37:04.561 BaseTest:165 - in before method
[logsAndroid_Galaxy S9 INFO ] 2021-05-24 13:37:04.714 ProductTest:84 - Current test being executed test1
[logsAndroid_Galaxy S9 INFO ] 2021-05-24 13:37:04.714 BaseTest:385 - Entering username standard_user
[logsAndroid_Galaxy S9 INFO ] 2021-05-24 13:40:57.535 BaseTest:165 - in before method
[logsAndroid_Galaxy S9 INFO ] 2021-05-24 13:40:57.672 ProductTest:84 - Current test being executed test1
[logsAndroid_Galaxy S9 INFO ] 2021-05-24 13:40:57.672 BaseTest:385 - Entering username standard_user
[logsAndroid_Galaxy S9 INFO ] 2021-05-24 13:43:31.422 BaseTest:165 - in before method
[logsAndroid_Galaxy S9 INFO ] 2021-05-24 13:43:31.580 ProductTest:84 - Current test being executed test1
[logsAndroid_Galaxy S9 INFO ] 2021-05-24 13:43:31.580 BaseTest:385 - Entering username standard_user
[logsAndroid_Galaxy S9 INFO ] 2021-05-24 14:47:42.600 BaseTest:165 - in before method
[logsAndroid_Galaxy S9 INFO ] 2021-05-24 14:47:42.769 ProductTest:84 - Current test being executed test1
[logsAndroid_Galaxy S9 INFO ] 2021-05-24 14:47:42.770 BaseTest:385 - Entering username standard_user
[logsAndroid_Galaxy S9 INFO ] 2021-05-24 15:15:37.536 BaseTest:165 - in before method
[logsAndroid_Galaxy S9 INFO ] 2021-05-24 15:15:37.688 ProductTest:84 - Current test being executed test1
[logsAndroid_Galaxy S9 INFO ] 2021-05-24 15:15:37.690 BaseTest:385 - Entering username standard_user
[logsAndroid_Galaxy S9 INFO ] 2021-05-24 15:27:21.326 BaseTest:165 - in before method
[logsAndroid_Galaxy S9 INFO ] 2021-05-24 15:27:21.457 ProductTest:84 - Current test being executed test1
[logsAndroid_Galaxy S9 INFO ] 2021-05-24 15:27:21.458 BaseTest:385 - Entering username standard_user
[logsAndroid_Galaxy S9 INFO ] 2021-05-24 15:27:23.223 LoginPage:41 - 
 Entering password secret_sauce
[logsAndroid_Galaxy S9 INFO ] 2021-05-24 15:27:24.208 BaseTest:385 - Entering Password secret_sauce
[logsAndroid_Galaxy S9 INFO ] 2021-05-24 15:27:25.350 LoginPage:61 - 
 Clicking on login button
[logsAndroid_Galaxy S9 INFO ] 2021-05-24 15:30:33.716 BaseTest:165 - in before method
[logsAndroid_Galaxy S9 INFO ] 2021-05-24 15:30:33.854 ProductTest:84 - Current test being executed test1
[logsAndroid_Galaxy S9 INFO ] 2021-05-24 15:30:33.855 BaseTest:385 - Entering username standard_user
[logsAndroid_Galaxy S9 INFO ] 2021-05-24 15:30:36.330 LoginPage:41 - 
 Entering password secret_sauce
[logsAndroid_Galaxy S9 INFO ] 2021-05-24 15:30:37.009 BaseTest:385 - Entering Password secret_sauce
[logsAndroid_Galaxy S9 INFO ] 2021-05-24 15:30:38.487 LoginPage:61 - 
 Clicking on login button
[logsAndroid_Galaxy S9 INFO ] 2021-05-24 15:36:21.538 BaseTest:165 - in before method
[logsAndroid_Galaxy S9 INFO ] 2021-05-24 15:36:21.674 ProductTest:84 - Current test being executed test1
[logsAndroid_Galaxy S9 INFO ] 2021-05-24 15:36:22.402 BaseTest:385 - Entering username standard_user
[logsAndroid_Galaxy S9 INFO ] 2021-05-24 15:36:25.352 LoginPage:41 - 
 Entering password secret_sauce
[logsAndroid_Galaxy S9 INFO ] 2021-05-24 15:36:25.438 BaseTest:385 - Entering Password secret_sauce
[logsAndroid_Galaxy S9 INFO ] 2021-05-24 15:36:26.375 LoginPage:61 - 
 Clicking on login button
[logsAndroid_Galaxy S9 INFO ] 2021-05-24 15:40:55.716 BaseTest:165 - in before method
[logsAndroid_Galaxy S9 INFO ] 2021-05-24 15:40:55.857 ProductTest:84 - Current test being executed test1
[logsAndroid_Galaxy S9 INFO ] 2021-05-24 15:40:56.190 BaseTest:385 - Entering username standard_user
[logsAndroid_Galaxy S9 INFO ] 2021-05-24 15:40:56.804 LoginPage:41 - 
 Entering password secret_sauce
[logsAndroid_Galaxy S9 INFO ] 2021-05-24 15:40:58.010 BaseTest:385 - Entering Password secret_sauce
[logsAndroid_Galaxy S9 INFO ] 2021-05-24 15:40:59.113 LoginPage:61 - 
 Clicking on login button
[logsAndroid_Galaxy S9 INFO ] 2021-05-24 15:43:56.758 BaseTest:165 - in before method
[logsAndroid_Galaxy S9 INFO ] 2021-05-24 15:43:56.888 ProductTest:84 - Current test being executed test1
[logsAndroid_Galaxy S9 INFO ] 2021-05-24 15:43:57.026 BaseTest:385 - Entering username standard_user
[logsAndroid_Galaxy S9 INFO ] 2021-05-24 15:43:58.137 LoginPage:41 - 
 Entering password secret_sauce
[logsAndroid_Galaxy S9 INFO ] 2021-05-24 15:43:59.106 BaseTest:385 - Entering Password secret_sauce
[logsAndroid_Galaxy S9 INFO ] 2021-05-24 15:43:59.712 LoginPage:61 - 
 Clicking on login button
[logsAndroid_Galaxy S9 INFO ] 2021-05-24 15:44:00.245 BaseTest:378 - Clicking login button
[logsAndroid_Galaxy S9 INFO ] 2021-05-24 15:44:10.030 BaseTest:378 - Clicking settings button
[logsAndroid_Galaxy S9 INFO ] 2021-05-24 15:44:11.737 BaseTest:378 - Clicking logout button
[logsAndroid_Galaxy S9 INFO ] 2021-05-24 15:44:15.834 BaseTest:172 - in after method
